<?xml version="1.0" encoding="UTF-8"?>
<coverage generated="1703917507531" clover="3.2.0">
  <project timestamp="1703917507531" name="All files">
    <metrics statements="66" coveredstatements="42" conditionals="16" coveredconditionals="5" methods="26" coveredmethods="16" elements="108" coveredelements="63" complexity="0" loc="66" ncloc="66" packages="3" files="4" classes="4"/>
    <package name="controllers">
      <metrics statements="16" coveredstatements="8" conditionals="2" coveredconditionals="0" methods="2" coveredmethods="1"/>
      <file name="document.controller.ts" path="/home/extreme/challenges/prismic/src/controllers/document.controller.ts">
        <metrics statements="16" coveredstatements="8" conditionals="2" coveredconditionals="0" methods="2" coveredmethods="1"/>
        <line num="4" count="1" type="stmt"/>
        <line num="6" count="1" type="stmt"/>
        <line num="8" count="1" type="stmt"/>
        <line num="10" count="0" type="stmt"/>
        <line num="11" count="0" type="stmt"/>
        <line num="15" count="2" type="stmt"/>
        <line num="17" count="2" type="stmt"/>
        <line num="18" count="2" type="stmt"/>
        <line num="19" count="2" type="stmt"/>
        <line num="20" count="2" type="stmt"/>
        <line num="22" count="0" type="cond" truecount="0" falsecount="2"/>
        <line num="24" count="0" type="stmt"/>
        <line num="25" count="0" type="stmt"/>
        <line num="27" count="0" type="stmt"/>
        <line num="28" count="0" type="stmt"/>
        <line num="29" count="0" type="stmt"/>
      </file>
    </package>
    <package name="repositories">
      <metrics statements="38" coveredstatements="23" conditionals="14" coveredconditionals="5" methods="20" coveredmethods="12"/>
      <file name="document.repository.ts" path="/home/extreme/challenges/prismic/src/repositories/document.repository.ts">
        <metrics statements="20" coveredstatements="13" conditionals="6" coveredconditionals="2" methods="11" coveredmethods="7"/>
        <line num="1" count="1" type="stmt"/>
        <line num="5" count="1" type="stmt"/>
        <line num="9" count="3" type="stmt"/>
        <line num="14" count="0" type="stmt"/>
        <line num="26" count="0" type="stmt"/>
        <line num="27" count="0" type="stmt"/>
        <line num="28" count="0" type="cond" truecount="0" falsecount="2"/>
        <line num="29" count="0" type="stmt"/>
        <line num="35" count="2" type="stmt"/>
        <line num="36" count="2" type="stmt"/>
        <line num="40" count="2" type="cond" truecount="1" falsecount="1"/>
        <line num="41" count="0" type="stmt"/>
        <line num="43" count="2" type="stmt"/>
        <line num="44" count="2" type="stmt"/>
        <line num="52" count="2" type="stmt"/>
        <line num="53" count="2" type="stmt"/>
        <line num="57" count="2" type="cond" truecount="1" falsecount="1"/>
        <line num="58" count="0" type="stmt"/>
        <line num="60" count="2" type="stmt"/>
        <line num="61" count="2" type="stmt"/>
      </file>
      <file name="version.repository.ts" path="/home/extreme/challenges/prismic/src/repositories/version.repository.ts">
        <metrics statements="18" coveredstatements="10" conditionals="8" coveredconditionals="3" methods="9" coveredmethods="5"/>
        <line num="1" count="1" type="stmt"/>
        <line num="3" count="1" type="stmt"/>
        <line num="7" count="3" type="stmt"/>
        <line num="12" count="0" type="stmt"/>
        <line num="25" count="2" type="stmt"/>
        <line num="26" count="2" type="stmt"/>
        <line num="30" count="2" type="cond" truecount="1" falsecount="1"/>
        <line num="31" count="0" type="stmt"/>
        <line num="33" count="2" type="cond" truecount="1" falsecount="1"/>
        <line num="34" count="2" type="stmt"/>
        <line num="38" count="2" type="cond" truecount="1" falsecount="1"/>
        <line num="39" count="0" type="stmt"/>
        <line num="41" count="2" type="stmt"/>
        <line num="52" count="0" type="stmt"/>
        <line num="53" count="0" type="stmt"/>
        <line num="57" count="0" type="cond" truecount="0" falsecount="2"/>
        <line num="58" count="0" type="stmt"/>
        <line num="60" count="0" type="stmt"/>
      </file>
    </package>
    <package name="services">
      <metrics statements="12" coveredstatements="11" conditionals="0" coveredconditionals="0" methods="4" coveredmethods="3"/>
      <file name="document.service.ts" path="/home/extreme/challenges/prismic/src/services/document.service.ts">
        <metrics statements="12" coveredstatements="11" conditionals="0" coveredconditionals="0" methods="4" coveredmethods="3"/>
        <line num="3" count="1" type="stmt"/>
        <line num="4" count="1" type="stmt"/>
        <line num="6" count="1" type="stmt"/>
        <line num="11" count="1" type="stmt"/>
        <line num="12" count="1" type="stmt"/>
        <line num="16" count="0" type="stmt"/>
        <line num="20" count="2" type="stmt"/>
        <line num="21" count="2" type="stmt"/>
        <line num="22" count="2" type="stmt"/>
        <line num="24" count="2" type="stmt"/>
        <line num="25" count="2" type="stmt"/>
        <line num="32" count="2" type="stmt"/>
      </file>
    </package>
  </project>
</coverage>
