{"/home/extreme/challenges/prismic/src/controllers/document.controller.ts": {"path":"/home/extreme/challenges/prismic/src/controllers/document.controller.ts","statementMap":{"0":{"start":{"line":4,"column":0},"end":{"line":4,"column":63}},"1":{"start":{"line":6,"column":24},"end":{"line":6,"column":45}},"2":{"start":{"line":10,"column":22},"end":{"line":10,"column":61}},"3":{"start":{"line":11,"column":4},"end":{"line":11,"column":25}},"4":{"start":{"line":15,"column":43},"end":{"line":15,"column":59}},"5":{"start":{"line":17,"column":4},"end":{"line":31,"column":null}},"6":{"start":{"line":18,"column":25},"end":{"line":18,"column":74}},"7":{"start":{"line":19,"column":6},"end":{"line":19,"column":23}},"8":{"start":{"line":20,"column":6},"end":{"line":20,"column":45}},"9":{"start":{"line":22,"column":6},"end":{"line":30,"column":null}},"10":{"start":{"line":24,"column":8},"end":{"line":24,"column":25}},"11":{"start":{"line":25,"column":8},"end":{"line":25,"column":53}},"12":{"start":{"line":27,"column":8},"end":{"line":27,"column":57}},"13":{"start":{"line":28,"column":8},"end":{"line":28,"column":25}},"14":{"start":{"line":29,"column":8},"end":{"line":29,"column":54}},"15":{"start":{"line":8,"column":0},"end":{"line":8,"column":13}}},"fnMap":{"0":{"name":"(anonymous_7)","decl":{"start":{"line":9,"column":2},"end":{"line":9,"column":8}},"loc":{"start":{"line":9,"column":43},"end":{"line":12,"column":null}}},"1":{"name":"(anonymous_9)","decl":{"start":{"line":14,"column":2},"end":{"line":14,"column":8}},"loc":{"start":{"line":14,"column":42},"end":{"line":32,"column":null}}}},"branchMap":{"0":{"loc":{"start":{"line":22,"column":6},"end":{"line":30,"column":null}},"type":"if","locations":[{"start":{"line":22,"column":6},"end":{"line":30,"column":null}},{"start":{"line":26,"column":13},"end":{"line":30,"column":null}}]}},"s":{"0":1,"1":1,"2":0,"3":0,"4":2,"5":2,"6":2,"7":2,"8":2,"9":0,"10":0,"11":0,"12":0,"13":0,"14":0,"15":1},"f":{"0":0,"1":2},"b":{"0":[0,0]}}
,"/home/extreme/challenges/prismic/src/repositories/document.repository.ts": {"path":"/home/extreme/challenges/prismic/src/repositories/document.repository.ts","statementMap":{"0":{"start":{"line":1,"column":0},"end":{"line":1,"column":46}},"1":{"start":{"line":9,"column":4},"end":{"line":9,"column":40}},"2":{"start":{"line":14,"column":4},"end":{"line":22,"column":7}},"3":{"start":{"line":26,"column":4},"end":{"line":31,"column":7}},"4":{"start":{"line":27,"column":6},"end":{"line":30,"column":9}},"5":{"start":{"line":28,"column":8},"end":{"line":29,"column":27}},"6":{"start":{"line":28,"column":17},"end":{"line":28,"column":29}},"7":{"start":{"line":29,"column":13},"end":{"line":29,"column":27}},"8":{"start":{"line":35,"column":4},"end":{"line":48,"column":7}},"9":{"start":{"line":36,"column":6},"end":{"line":47,"column":8}},"10":{"start":{"line":40,"column":10},"end":{"line":45,"column":null}},"11":{"start":{"line":41,"column":12},"end":{"line":41,"column":24}},"12":{"start":{"line":43,"column":31},"end":{"line":43,"column":42}},"13":{"start":{"line":44,"column":12},"end":{"line":44,"column":32}},"14":{"start":{"line":52,"column":4},"end":{"line":65,"column":7}},"15":{"start":{"line":53,"column":6},"end":{"line":64,"column":8}},"16":{"start":{"line":57,"column":10},"end":{"line":62,"column":null}},"17":{"start":{"line":58,"column":12},"end":{"line":58,"column":24}},"18":{"start":{"line":60,"column":31},"end":{"line":60,"column":42}},"19":{"start":{"line":61,"column":12},"end":{"line":61,"column":32}},"20":{"start":{"line":5,"column":0},"end":{"line":5,"column":13}}},"fnMap":{"0":{"name":"(anonymous_7)","decl":{"start":{"line":8,"column":2},"end":{"line":8,"column":null}},"loc":{"start":{"line":8,"column":2},"end":{"line":11,"column":3}}},"1":{"name":"(anonymous_8)","decl":{"start":{"line":13,"column":10},"end":{"line":13,"column":21}},"loc":{"start":{"line":13,"column":21},"end":{"line":23,"column":3}}},"2":{"name":"(anonymous_9)","decl":{"start":{"line":25,"column":8},"end":{"line":25,"column":23}},"loc":{"start":{"line":25,"column":23},"end":{"line":32,"column":null}}},"3":{"name":"(anonymous_11)","decl":{"start":{"line":26,"column":35},"end":{"line":26,"column":36}},"loc":{"start":{"line":26,"column":55},"end":{"line":31,"column":5}}},"4":{"name":"(anonymous_12)","decl":{"start":{"line":27,"column":45},"end":{"line":27,"column":46}},"loc":{"start":{"line":27,"column":64},"end":{"line":30,"column":7}}},"5":{"name":"(anonymous_13)","decl":{"start":{"line":34,"column":8},"end":{"line":34,"column":22}},"loc":{"start":{"line":34,"column":50},"end":{"line":49,"column":null}}},"6":{"name":"(anonymous_15)","decl":{"start":{"line":35,"column":23},"end":{"line":35,"column":24}},"loc":{"start":{"line":35,"column":43},"end":{"line":48,"column":5}}},"7":{"name":"(anonymous_16)","decl":{"start":{"line":39,"column":8},"end":{"line":39,"column":24}},"loc":{"start":{"line":39,"column":27},"end":{"line":46,"column":9}}},"8":{"name":"(anonymous_17)","decl":{"start":{"line":51,"column":8},"end":{"line":51,"column":21}},"loc":{"start":{"line":51,"column":40},"end":{"line":66,"column":null}}},"9":{"name":"(anonymous_19)","decl":{"start":{"line":52,"column":23},"end":{"line":52,"column":24}},"loc":{"start":{"line":52,"column":43},"end":{"line":65,"column":5}}},"10":{"name":"(anonymous_20)","decl":{"start":{"line":56,"column":8},"end":{"line":56,"column":24}},"loc":{"start":{"line":56,"column":27},"end":{"line":63,"column":9}}}},"branchMap":{"0":{"loc":{"start":{"line":28,"column":8},"end":{"line":29,"column":27}},"type":"if","locations":[{"start":{"line":28,"column":8},"end":{"line":29,"column":27}},{"start":{"line":29,"column":13},"end":{"line":29,"column":27}}]},"1":{"loc":{"start":{"line":40,"column":10},"end":{"line":45,"column":null}},"type":"if","locations":[{"start":{"line":40,"column":10},"end":{"line":45,"column":null}},{"start":{"line":42,"column":17},"end":{"line":45,"column":null}}]},"2":{"loc":{"start":{"line":57,"column":10},"end":{"line":62,"column":null}},"type":"if","locations":[{"start":{"line":57,"column":10},"end":{"line":62,"column":null}},{"start":{"line":59,"column":17},"end":{"line":62,"column":null}}]}},"s":{"0":1,"1":3,"2":0,"3":0,"4":0,"5":0,"6":0,"7":0,"8":2,"9":2,"10":2,"11":0,"12":2,"13":2,"14":2,"15":2,"16":2,"17":0,"18":2,"19":2,"20":1},"f":{"0":3,"1":0,"2":0,"3":0,"4":0,"5":2,"6":2,"7":2,"8":2,"9":2,"10":2},"b":{"0":[0,0],"1":[0,2],"2":[0,2]}}
,"/home/extreme/challenges/prismic/src/repositories/version.repository.ts": {"path":"/home/extreme/challenges/prismic/src/repositories/version.repository.ts","statementMap":{"0":{"start":{"line":1,"column":0},"end":{"line":1,"column":46}},"1":{"start":{"line":7,"column":4},"end":{"line":7,"column":40}},"2":{"start":{"line":12,"column":4},"end":{"line":21,"column":5}},"3":{"start":{"line":25,"column":4},"end":{"line":48,"column":7}},"4":{"start":{"line":26,"column":6},"end":{"line":47,"column":8}},"5":{"start":{"line":30,"column":10},"end":{"line":45,"column":null}},"6":{"start":{"line":31,"column":12},"end":{"line":31,"column":24}},"7":{"start":{"line":33,"column":34},"end":{"line":33,"column":62}},"8":{"start":{"line":34,"column":12},"end":{"line":44,"column":14}},"9":{"start":{"line":38,"column":16},"end":{"line":42,"column":null}},"10":{"start":{"line":39,"column":18},"end":{"line":39,"column":30}},"11":{"start":{"line":41,"column":18},"end":{"line":41,"column":39}},"12":{"start":{"line":52,"column":4},"end":{"line":64,"column":7}},"13":{"start":{"line":53,"column":6},"end":{"line":63,"column":8}},"14":{"start":{"line":57,"column":10},"end":{"line":61,"column":null}},"15":{"start":{"line":58,"column":12},"end":{"line":58,"column":24}},"16":{"start":{"line":60,"column":12},"end":{"line":60,"column":22}},"17":{"start":{"line":3,"column":0},"end":{"line":3,"column":13}}},"fnMap":{"0":{"name":"(anonymous_7)","decl":{"start":{"line":6,"column":2},"end":{"line":6,"column":null}},"loc":{"start":{"line":6,"column":2},"end":{"line":9,"column":3}}},"1":{"name":"(anonymous_8)","decl":{"start":{"line":11,"column":10},"end":{"line":11,"column":21}},"loc":{"start":{"line":11,"column":21},"end":{"line":22,"column":3}}},"2":{"name":"(anonymous_9)","decl":{"start":{"line":24,"column":8},"end":{"line":24,"column":21}},"loc":{"start":{"line":24,"column":55},"end":{"line":49,"column":null}}},"3":{"name":"(anonymous_11)","decl":{"start":{"line":25,"column":23},"end":{"line":25,"column":24}},"loc":{"start":{"line":25,"column":43},"end":{"line":48,"column":5}}},"4":{"name":"(anonymous_12)","decl":{"start":{"line":29,"column":8},"end":{"line":29,"column":9}},"loc":{"start":{"line":29,"column":26},"end":{"line":46,"column":9}}},"5":{"name":"(anonymous_13)","decl":{"start":{"line":37,"column":14},"end":{"line":37,"column":41}},"loc":{"start":{"line":37,"column":44},"end":{"line":43,"column":15}}},"6":{"name":"(anonymous_14)","decl":{"start":{"line":51,"column":8},"end":{"line":51,"column":26}},"loc":{"start":{"line":51,"column":60},"end":{"line":65,"column":null}}},"7":{"name":"(anonymous_16)","decl":{"start":{"line":52,"column":23},"end":{"line":52,"column":24}},"loc":{"start":{"line":52,"column":43},"end":{"line":64,"column":5}}},"8":{"name":"(anonymous_17)","decl":{"start":{"line":56,"column":8},"end":{"line":56,"column":18}},"loc":{"start":{"line":56,"column":21},"end":{"line":62,"column":9}}}},"branchMap":{"0":{"loc":{"start":{"line":30,"column":10},"end":{"line":45,"column":null}},"type":"if","locations":[{"start":{"line":30,"column":10},"end":{"line":45,"column":null}},{"start":{"line":32,"column":17},"end":{"line":45,"column":null}}]},"1":{"loc":{"start":{"line":33,"column":34},"end":{"line":33,"column":62}},"type":"cond-expr","locations":[{"start":{"line":33,"column":40},"end":{"line":33,"column":58}},{"start":{"line":33,"column":61},"end":{"line":33,"column":62}}]},"2":{"loc":{"start":{"line":38,"column":16},"end":{"line":42,"column":null}},"type":"if","locations":[{"start":{"line":38,"column":16},"end":{"line":42,"column":null}},{"start":{"line":40,"column":23},"end":{"line":42,"column":null}}]},"3":{"loc":{"start":{"line":57,"column":10},"end":{"line":61,"column":null}},"type":"if","locations":[{"start":{"line":57,"column":10},"end":{"line":61,"column":null}},{"start":{"line":59,"column":17},"end":{"line":61,"column":null}}]}},"s":{"0":1,"1":3,"2":0,"3":2,"4":2,"5":2,"6":0,"7":2,"8":2,"9":2,"10":0,"11":2,"12":0,"13":0,"14":0,"15":0,"16":0,"17":1},"f":{"0":3,"1":0,"2":2,"3":2,"4":2,"5":2,"6":0,"7":0,"8":0},"b":{"0":[0,2],"1":[2,0],"2":[0,2],"3":[0,0]}}
,"/home/extreme/challenges/prismic/src/services/document.service.ts": {"path":"/home/extreme/challenges/prismic/src/services/document.service.ts","statementMap":{"0":{"start":{"line":3,"column":0},"end":{"line":3,"column":73}},"1":{"start":{"line":4,"column":0},"end":{"line":4,"column":71}},"2":{"start":{"line":11,"column":4},"end":{"line":11,"column":55}},"3":{"start":{"line":12,"column":4},"end":{"line":12,"column":53}},"4":{"start":{"line":16,"column":4},"end":{"line":16,"column":53}},"5":{"start":{"line":20,"column":22},"end":{"line":20,"column":30}},"6":{"start":{"line":21,"column":23},"end":{"line":21,"column":77}},"7":{"start":{"line":22,"column":4},"end":{"line":22,"column":60}},"8":{"start":{"line":24,"column":4},"end":{"line":24,"column":48}},"9":{"start":{"line":25,"column":4},"end":{"line":25,"column":22}},"10":{"start":{"line":32,"column":4},"end":{"line":32,"column":66}},"11":{"start":{"line":6,"column":0},"end":{"line":6,"column":13}}},"fnMap":{"0":{"name":"(anonymous_7)","decl":{"start":{"line":10,"column":2},"end":{"line":10,"column":null}},"loc":{"start":{"line":10,"column":2},"end":{"line":13,"column":3}}},"1":{"name":"(anonymous_8)","decl":{"start":{"line":15,"column":8},"end":{"line":15,"column":23}},"loc":{"start":{"line":15,"column":23},"end":{"line":17,"column":null}}},"2":{"name":"(anonymous_10)","decl":{"start":{"line":19,"column":8},"end":{"line":19,"column":22}},"loc":{"start":{"line":19,"column":50},"end":{"line":26,"column":null}}},"3":{"name":"(anonymous_12)","decl":{"start":{"line":28,"column":16},"end":{"line":28,"column":29}},"loc":{"start":{"line":30,"column":17},"end":{"line":33,"column":null}}}},"branchMap":{},"s":{"0":1,"1":1,"2":1,"3":1,"4":0,"5":2,"6":2,"7":2,"8":2,"9":2,"10":2,"11":1},"f":{"0":1,"1":0,"2":2,"3":2},"b":{}}
}
