{"/home/extreme/challenges/prismic/src/connections/database.manager.ts": {"path":"/home/extreme/challenges/prismic/src/connections/database.manager.ts","statementMap":{"0":{"start":{"line":1,"column":0},"end":{"line":1,"column":35}},"1":{"start":{"line":9,"column":4},"end":{"line":9,"column":40}},"2":{"start":{"line":10,"column":4},"end":{"line":10,"column":23}},"3":{"start":{"line":14,"column":4},"end":{"line":16,"column":null}},"4":{"start":{"line":15,"column":6},"end":{"line":15,"column":55}},"5":{"start":{"line":17,"column":4},"end":{"line":17,"column":36}},"6":{"start":{"line":21,"column":4},"end":{"line":21,"column":19}},"7":{"start":{"line":25,"column":4},"end":{"line":35,"column":7}},"8":{"start":{"line":37,"column":4},"end":{"line":47,"column":5}},"9":{"start":{"line":50,"column":0},"end":{"line":50,"column":31}}},"fnMap":{"0":{"name":"(anonymous_0)","decl":{"start":{"line":7,"column":2},"end":{"line":7,"column":null}},"loc":{"start":{"line":7,"column":2},"end":{"line":11,"column":3}}},"1":{"name":"(anonymous_1)","decl":{"start":{"line":13,"column":2},"end":{"line":13,"column":8}},"loc":{"start":{"line":13,"column":20},"end":{"line":18,"column":3}}},"2":{"name":"(anonymous_2)","decl":{"start":{"line":20,"column":2},"end":{"line":20,"column":13}},"loc":{"start":{"line":20,"column":13},"end":{"line":22,"column":3}}},"3":{"name":"(anonymous_3)","decl":{"start":{"line":24,"column":10},"end":{"line":24,"column":21}},"loc":{"start":{"line":24,"column":21},"end":{"line":48,"column":3}}}},"branchMap":{"0":{"loc":{"start":{"line":14,"column":4},"end":{"line":16,"column":null}},"type":"if","locations":[{"start":{"line":14,"column":4},"end":{"line":16,"column":null}}]}},"s":{"0":1,"1":1,"2":1,"3":3,"4":1,"5":3,"6":3,"7":1,"8":1,"9":1},"f":{"0":1,"1":3,"2":3,"3":1},"b":{"0":[1]}}
,"/home/extreme/challenges/prismic/src/controllers/document.controller.ts": {"path":"/home/extreme/challenges/prismic/src/controllers/document.controller.ts","statementMap":{"0":{"start":{"line":4,"column":0},"end":{"line":4,"column":63}},"1":{"start":{"line":6,"column":24},"end":{"line":6,"column":45}},"2":{"start":{"line":10,"column":22},"end":{"line":10,"column":61}},"3":{"start":{"line":11,"column":4},"end":{"line":11,"column":25}},"4":{"start":{"line":15,"column":43},"end":{"line":15,"column":59}},"5":{"start":{"line":17,"column":4},"end":{"line":31,"column":null}},"6":{"start":{"line":18,"column":23},"end":{"line":18,"column":72}},"7":{"start":{"line":19,"column":6},"end":{"line":19,"column":23}},"8":{"start":{"line":20,"column":6},"end":{"line":20,"column":36}},"9":{"start":{"line":22,"column":6},"end":{"line":30,"column":null}},"10":{"start":{"line":24,"column":8},"end":{"line":24,"column":25}},"11":{"start":{"line":25,"column":8},"end":{"line":25,"column":53}},"12":{"start":{"line":27,"column":8},"end":{"line":27,"column":57}},"13":{"start":{"line":28,"column":8},"end":{"line":28,"column":25}},"14":{"start":{"line":29,"column":8},"end":{"line":29,"column":54}},"15":{"start":{"line":8,"column":0},"end":{"line":8,"column":13}}},"fnMap":{"0":{"name":"(anonymous_7)","decl":{"start":{"line":9,"column":2},"end":{"line":9,"column":8}},"loc":{"start":{"line":9,"column":43},"end":{"line":12,"column":null}}},"1":{"name":"(anonymous_9)","decl":{"start":{"line":14,"column":2},"end":{"line":14,"column":8}},"loc":{"start":{"line":14,"column":42},"end":{"line":32,"column":null}}}},"branchMap":{"0":{"loc":{"start":{"line":22,"column":6},"end":{"line":30,"column":null}},"type":"if","locations":[{"start":{"line":22,"column":6},"end":{"line":30,"column":null}},{"start":{"line":26,"column":13},"end":{"line":30,"column":null}}]}},"s":{"0":1,"1":1,"2":0,"3":0,"4":1,"5":1,"6":1,"7":1,"8":1,"9":0,"10":0,"11":0,"12":0,"13":0,"14":0,"15":1},"f":{"0":0,"1":1},"b":{"0":[0,0]}}
,"/home/extreme/challenges/prismic/src/repositories/document.repository.ts": {"path":"/home/extreme/challenges/prismic/src/repositories/document.repository.ts","statementMap":{"0":{"start":{"line":4,"column":0},"end":{"line":4,"column":62}},"1":{"start":{"line":9,"column":4},"end":{"line":9,"column":58}},"2":{"start":{"line":13,"column":4},"end":{"line":25,"column":7}},"3":{"start":{"line":14,"column":6},"end":{"line":24,"column":8}},"4":{"start":{"line":21,"column":10},"end":{"line":22,"column":29}},"5":{"start":{"line":21,"column":19},"end":{"line":21,"column":31}},"6":{"start":{"line":22,"column":15},"end":{"line":22,"column":29}},"7":{"start":{"line":29,"column":47},"end":{"line":30,"column":null}},"8":{"start":{"line":33,"column":47},"end":{"line":34,"column":null}},"9":{"start":{"line":37,"column":46},"end":{"line":38,"column":null}},"10":{"start":{"line":41,"column":53},"end":{"line":42,"column":null}},"11":{"start":{"line":45,"column":52},"end":{"line":46,"column":null}},"12":{"start":{"line":49,"column":4},"end":{"line":135,"column":null}},"13":{"start":{"line":51,"column":6},"end":{"line":51,"column":39}},"14":{"start":{"line":54,"column":6},"end":{"line":105,"column":null}},"15":{"start":{"line":55,"column":29},"end":{"line":57,"column":10}},"16":{"start":{"line":59,"column":8},"end":{"line":61,"column":null}},"17":{"start":{"line":60,"column":10},"end":{"line":60,"column":67}},"18":{"start":{"line":64,"column":8},"end":{"line":68,"column":11}},"19":{"start":{"line":71,"column":38},"end":{"line":73,"column":null}},"20":{"start":{"line":76,"column":38},"end":{"line":76,"column":76}},"21":{"start":{"line":79,"column":33},"end":{"line":79,"column":58}},"22":{"start":{"line":82,"column":8},"end":{"line":87,"column":11}},"23":{"start":{"line":90,"column":8},"end":{"line":94,"column":11}},"24":{"start":{"line":97,"column":27},"end":{"line":97,"column":57}},"25":{"start":{"line":99,"column":8},"end":{"line":104,"column":11}},"26":{"start":{"line":107,"column":6},"end":{"line":107,"column":28}},"27":{"start":{"line":110,"column":23},"end":{"line":119,"column":null}},"28":{"start":{"line":122,"column":6},"end":{"line":124,"column":null}},"29":{"start":{"line":123,"column":8},"end":{"line":123,"column":46}},"30":{"start":{"line":126,"column":6},"end":{"line":126,"column":22}},"31":{"start":{"line":129,"column":6},"end":{"line":129,"column":30}},"32":{"start":{"line":130,"column":6},"end":{"line":130,"column":18}},"33":{"start":{"line":133,"column":6},"end":{"line":133,"column":41}},"34":{"start":{"line":134,"column":6},"end":{"line":134,"column":40}},"35":{"start":{"line":142,"column":4},"end":{"line":150,"column":7}},"36":{"start":{"line":143,"column":6},"end":{"line":149,"column":9}},"37":{"start":{"line":144,"column":8},"end":{"line":148,"column":null}},"38":{"start":{"line":145,"column":10},"end":{"line":145,"column":22}},"39":{"start":{"line":147,"column":10},"end":{"line":147,"column":24}},"40":{"start":{"line":154,"column":4},"end":{"line":177,"column":7}},"41":{"start":{"line":155,"column":6},"end":{"line":176,"column":null}},"42":{"start":{"line":156,"column":8},"end":{"line":164,"column":11}},"43":{"start":{"line":157,"column":10},"end":{"line":163,"column":null}},"44":{"start":{"line":158,"column":12},"end":{"line":158,"column":59}},"45":{"start":{"line":159,"column":12},"end":{"line":159,"column":51}},"46":{"start":{"line":160,"column":12},"end":{"line":160,"column":24}},"47":{"start":{"line":162,"column":12},"end":{"line":162,"column":25}},"48":{"start":{"line":167,"column":8},"end":{"line":175,"column":11}},"49":{"start":{"line":168,"column":10},"end":{"line":174,"column":null}},"50":{"start":{"line":169,"column":12},"end":{"line":169,"column":64}},"51":{"start":{"line":170,"column":12},"end":{"line":170,"column":51}},"52":{"start":{"line":171,"column":12},"end":{"line":171,"column":24}},"53":{"start":{"line":173,"column":12},"end":{"line":173,"column":25}},"54":{"start":{"line":6,"column":0},"end":{"line":6,"column":13}}},"fnMap":{"0":{"name":"(anonymous_8)","decl":{"start":{"line":8,"column":2},"end":{"line":8,"column":null}},"loc":{"start":{"line":8,"column":2},"end":{"line":10,"column":3}}},"1":{"name":"(anonymous_9)","decl":{"start":{"line":12,"column":8},"end":{"line":12,"column":23}},"loc":{"start":{"line":12,"column":23},"end":{"line":26,"column":null}}},"2":{"name":"(anonymous_11)","decl":{"start":{"line":13,"column":35},"end":{"line":13,"column":36}},"loc":{"start":{"line":13,"column":55},"end":{"line":25,"column":5}}},"3":{"name":"(anonymous_12)","decl":{"start":{"line":20,"column":8},"end":{"line":20,"column":9}},"loc":{"start":{"line":20,"column":27},"end":{"line":23,"column":9}}},"4":{"name":"(anonymous_13)","decl":{"start":{"line":28,"column":8},"end":{"line":28,"column":22}},"loc":{"start":{"line":28,"column":45},"end":{"line":136,"column":null}}},"5":{"name":"(anonymous_15)","decl":{"start":{"line":138,"column":10},"end":{"line":138,"column":22}},"loc":{"start":{"line":140,"column":17},"end":{"line":151,"column":3}}},"6":{"name":"(anonymous_16)","decl":{"start":{"line":142,"column":23},"end":{"line":142,"column":24}},"loc":{"start":{"line":142,"column":43},"end":{"line":150,"column":5}}},"7":{"name":"(anonymous_17)","decl":{"start":{"line":143,"column":28},"end":{"line":143,"column":55}},"loc":{"start":{"line":143,"column":58},"end":{"line":149,"column":7}}},"8":{"name":"(anonymous_18)","decl":{"start":{"line":153,"column":10},"end":{"line":153,"column":18}},"loc":{"start":{"line":153,"column":62},"end":{"line":178,"column":3}}},"9":{"name":"(anonymous_19)","decl":{"start":{"line":154,"column":23},"end":{"line":154,"column":24}},"loc":{"start":{"line":154,"column":43},"end":{"line":177,"column":5}}},"10":{"name":"(anonymous_20)","decl":{"start":{"line":156,"column":33},"end":{"line":156,"column":34}},"loc":{"start":{"line":156,"column":46},"end":{"line":164,"column":9}}},"11":{"name":"(anonymous_21)","decl":{"start":{"line":167,"column":24},"end":{"line":167,"column":25}},"loc":{"start":{"line":167,"column":37},"end":{"line":175,"column":9}}}},"branchMap":{"0":{"loc":{"start":{"line":21,"column":10},"end":{"line":22,"column":29}},"type":"if","locations":[{"start":{"line":21,"column":10},"end":{"line":22,"column":29}},{"start":{"line":22,"column":15},"end":{"line":22,"column":29}}]},"1":{"loc":{"start":{"line":54,"column":6},"end":{"line":105,"column":null}},"type":"if","locations":[{"start":{"line":54,"column":6},"end":{"line":105,"column":null}},{"start":{"line":88,"column":13},"end":{"line":105,"column":null}}]},"2":{"loc":{"start":{"line":59,"column":8},"end":{"line":61,"column":null}},"type":"if","locations":[{"start":{"line":59,"column":8},"end":{"line":61,"column":null}}]},"3":{"loc":{"start":{"line":59,"column":12},"end":{"line":59,"column":62}},"type":"binary-expr","locations":[{"start":{"line":59,"column":12},"end":{"line":59,"column":24}},{"start":{"line":59,"column":28},"end":{"line":59,"column":62}}]},"4":{"loc":{"start":{"line":76,"column":38},"end":{"line":76,"column":76}},"type":"binary-expr","locations":[{"start":{"line":76,"column":38},"end":{"line":76,"column":71}},{"start":{"line":76,"column":75},"end":{"line":76,"column":76}}]},"5":{"loc":{"start":{"line":119,"column":9},"end":{"line":119,"column":57}},"type":"binary-expr","locations":[{"start":{"line":119,"column":9},"end":{"line":119,"column":23}},{"start":{"line":119,"column":27},"end":{"line":119,"column":57}}]},"6":{"loc":{"start":{"line":122,"column":6},"end":{"line":124,"column":null}},"type":"if","locations":[{"start":{"line":122,"column":6},"end":{"line":124,"column":null}}]},"7":{"loc":{"start":{"line":144,"column":8},"end":{"line":148,"column":null}},"type":"if","locations":[{"start":{"line":144,"column":8},"end":{"line":148,"column":null}},{"start":{"line":146,"column":15},"end":{"line":148,"column":null}}]},"8":{"loc":{"start":{"line":153,"column":44},"end":{"line":153,"column":62}},"type":"default-arg","locations":[{"start":{"line":153,"column":60},"end":{"line":153,"column":62}}]},"9":{"loc":{"start":{"line":155,"column":6},"end":{"line":176,"column":null}},"type":"if","locations":[{"start":{"line":155,"column":6},"end":{"line":176,"column":null}},{"start":{"line":165,"column":13},"end":{"line":176,"column":null}}]},"10":{"loc":{"start":{"line":157,"column":10},"end":{"line":163,"column":null}},"type":"if","locations":[{"start":{"line":157,"column":10},"end":{"line":163,"column":null}},{"start":{"line":161,"column":17},"end":{"line":163,"column":null}}]},"11":{"loc":{"start":{"line":168,"column":10},"end":{"line":174,"column":null}},"type":"if","locations":[{"start":{"line":168,"column":10},"end":{"line":174,"column":null}},{"start":{"line":172,"column":17},"end":{"line":174,"column":null}}]}},"s":{"0":1,"1":2,"2":0,"3":0,"4":0,"5":0,"6":0,"7":1,"8":1,"9":1,"10":1,"11":1,"12":1,"13":1,"14":1,"15":0,"16":0,"17":0,"18":0,"19":0,"20":0,"21":0,"22":0,"23":1,"24":1,"25":1,"26":1,"27":1,"28":1,"29":0,"30":1,"31":0,"32":0,"33":1,"34":1,"35":2,"36":2,"37":2,"38":0,"39":2,"40":1,"41":1,"42":1,"43":1,"44":0,"45":0,"46":0,"47":1,"48":0,"49":0,"50":0,"51":0,"52":0,"53":0,"54":1},"f":{"0":2,"1":0,"2":0,"3":0,"4":1,"5":2,"6":2,"7":2,"8":1,"9":1,"10":1,"11":0},"b":{"0":[0,0],"1":[0,1],"2":[0],"3":[0,0],"4":[0,0],"5":[1,1],"6":[0],"7":[0,2],"8":[0],"9":[1,0],"10":[0,1],"11":[0,0]}}
,"/home/extreme/challenges/prismic/src/repositories/version.repository.ts": {"path":"/home/extreme/challenges/prismic/src/repositories/version.repository.ts","statementMap":{"0":{"start":{"line":2,"column":0},"end":{"line":2,"column":62}},"1":{"start":{"line":8,"column":4},"end":{"line":8,"column":58}},"2":{"start":{"line":12,"column":4},"end":{"line":35,"column":7}},"3":{"start":{"line":13,"column":6},"end":{"line":34,"column":8}},"4":{"start":{"line":17,"column":10},"end":{"line":32,"column":null}},"5":{"start":{"line":18,"column":12},"end":{"line":18,"column":24}},"6":{"start":{"line":20,"column":34},"end":{"line":20,"column":62}},"7":{"start":{"line":21,"column":12},"end":{"line":31,"column":14}},"8":{"start":{"line":25,"column":16},"end":{"line":29,"column":null}},"9":{"start":{"line":26,"column":18},"end":{"line":26,"column":30}},"10":{"start":{"line":28,"column":18},"end":{"line":28,"column":39}},"11":{"start":{"line":39,"column":4},"end":{"line":51,"column":7}},"12":{"start":{"line":40,"column":6},"end":{"line":50,"column":8}},"13":{"start":{"line":44,"column":10},"end":{"line":48,"column":null}},"14":{"start":{"line":45,"column":12},"end":{"line":45,"column":24}},"15":{"start":{"line":47,"column":12},"end":{"line":47,"column":22}},"16":{"start":{"line":4,"column":0},"end":{"line":4,"column":13}}},"fnMap":{"0":{"name":"(anonymous_8)","decl":{"start":{"line":7,"column":2},"end":{"line":7,"column":null}},"loc":{"start":{"line":7,"column":2},"end":{"line":9,"column":3}}},"1":{"name":"(anonymous_9)","decl":{"start":{"line":11,"column":8},"end":{"line":11,"column":21}},"loc":{"start":{"line":11,"column":55},"end":{"line":36,"column":null}}},"2":{"name":"(anonymous_11)","decl":{"start":{"line":12,"column":23},"end":{"line":12,"column":24}},"loc":{"start":{"line":12,"column":43},"end":{"line":35,"column":5}}},"3":{"name":"(anonymous_12)","decl":{"start":{"line":16,"column":8},"end":{"line":16,"column":9}},"loc":{"start":{"line":16,"column":26},"end":{"line":33,"column":9}}},"4":{"name":"(anonymous_13)","decl":{"start":{"line":24,"column":14},"end":{"line":24,"column":41}},"loc":{"start":{"line":24,"column":44},"end":{"line":30,"column":15}}},"5":{"name":"(anonymous_14)","decl":{"start":{"line":38,"column":8},"end":{"line":38,"column":26}},"loc":{"start":{"line":38,"column":60},"end":{"line":52,"column":null}}},"6":{"name":"(anonymous_16)","decl":{"start":{"line":39,"column":23},"end":{"line":39,"column":24}},"loc":{"start":{"line":39,"column":43},"end":{"line":51,"column":5}}},"7":{"name":"(anonymous_17)","decl":{"start":{"line":43,"column":8},"end":{"line":43,"column":18}},"loc":{"start":{"line":43,"column":21},"end":{"line":49,"column":9}}}},"branchMap":{"0":{"loc":{"start":{"line":17,"column":10},"end":{"line":32,"column":null}},"type":"if","locations":[{"start":{"line":17,"column":10},"end":{"line":32,"column":null}},{"start":{"line":19,"column":17},"end":{"line":32,"column":null}}]},"1":{"loc":{"start":{"line":20,"column":34},"end":{"line":20,"column":62}},"type":"cond-expr","locations":[{"start":{"line":20,"column":40},"end":{"line":20,"column":58}},{"start":{"line":20,"column":61},"end":{"line":20,"column":62}}]},"2":{"loc":{"start":{"line":25,"column":16},"end":{"line":29,"column":null}},"type":"if","locations":[{"start":{"line":25,"column":16},"end":{"line":29,"column":null}},{"start":{"line":27,"column":23},"end":{"line":29,"column":null}}]},"3":{"loc":{"start":{"line":44,"column":10},"end":{"line":48,"column":null}},"type":"if","locations":[{"start":{"line":44,"column":10},"end":{"line":48,"column":null}},{"start":{"line":46,"column":17},"end":{"line":48,"column":null}}]}},"s":{"0":1,"1":1,"2":0,"3":0,"4":0,"5":0,"6":0,"7":0,"8":0,"9":0,"10":0,"11":0,"12":0,"13":0,"14":0,"15":0,"16":1},"f":{"0":1,"1":0,"2":0,"3":0,"4":0,"5":0,"6":0,"7":0},"b":{"0":[0,0],"1":[0,0],"2":[0,0],"3":[0,0]}}
,"/home/extreme/challenges/prismic/src/services/document.service.ts": {"path":"/home/extreme/challenges/prismic/src/services/document.service.ts","statementMap":{"0":{"start":{"line":3,"column":0},"end":{"line":3,"column":73}},"1":{"start":{"line":9,"column":4},"end":{"line":9,"column":55}},"2":{"start":{"line":13,"column":4},"end":{"line":13,"column":53}},"3":{"start":{"line":17,"column":4},"end":{"line":21,"column":null}},"4":{"start":{"line":18,"column":6},"end":{"line":18,"column":63}},"5":{"start":{"line":20,"column":6},"end":{"line":20,"column":18}},"6":{"start":{"line":5,"column":0},"end":{"line":5,"column":13}}},"fnMap":{"0":{"name":"(anonymous_7)","decl":{"start":{"line":8,"column":2},"end":{"line":8,"column":null}},"loc":{"start":{"line":8,"column":2},"end":{"line":10,"column":3}}},"1":{"name":"(anonymous_8)","decl":{"start":{"line":12,"column":8},"end":{"line":12,"column":23}},"loc":{"start":{"line":12,"column":23},"end":{"line":14,"column":null}}},"2":{"name":"(anonymous_10)","decl":{"start":{"line":16,"column":8},"end":{"line":16,"column":22}},"loc":{"start":{"line":16,"column":45},"end":{"line":22,"column":null}}}},"branchMap":{},"s":{"0":1,"1":1,"2":0,"3":1,"4":1,"5":0,"6":1},"f":{"0":1,"1":0,"2":1},"b":{}}
}
