TN:
SF:src/controllers/document.controller.ts
FN:9,(anonymous_7)
FN:13,(anonymous_8)
FN:18,(anonymous_10)
FNF:3
FNH:2
FNDA:2,(anonymous_7)
FNDA:0,(anonymous_8)
FNDA:2,(anonymous_10)
DA:6,1
DA:10,2
DA:14,0
DA:15,0
DA:19,2
DA:21,2
DA:22,2
DA:23,0
DA:24,0
DA:26,1
DA:28,0
DA:29,0
DA:31,1
DA:32,1
DA:33,1
LF:15
LH:9
BRDA:26,0,0,0
BRDA:26,0,1,1
BRF:2
BRH:1
end_of_record
TN:
SF:src/repositories/document.repository.ts
FN:8,(anonymous_7)
FN:29,(anonymous_8)
FN:30,(anonymous_10)
FN:31,(anonymous_11)
FN:38,(anonymous_12)
FN:39,(anonymous_14)
FN:43,(anonymous_15)
FNF:7
FNH:4
FNDA:2,(anonymous_7)
FNDA:0,(anonymous_8)
FNDA:0,(anonymous_10)
FNDA:0,(anonymous_11)
FNDA:2,(anonymous_12)
FNDA:2,(anonymous_14)
FNDA:1,(anonymous_15)
DA:5,1
DA:9,2
DA:30,0
DA:31,0
DA:32,0
DA:33,0
DA:39,2
DA:40,2
DA:44,1
DA:45,1
DA:47,0
DA:49,0
DA:53,0
LF:13
LH:6
BRDA:32,0,0,0
BRDA:32,0,1,0
BRDA:44,1,0,1
BRDA:44,1,1,0
BRF:4
BRH:1
end_of_record
TN:
SF:src/repositories/version.repository.ts
FN:6,(anonymous_7)
FN:15,(anonymous_8)
FN:28,(anonymous_9)
FN:29,(anonymous_11)
FN:33,(anonymous_12)
FN:41,(anonymous_13)
FN:55,(anonymous_14)
FN:56,(anonymous_16)
FN:60,(anonymous_17)
FNF:9
FNH:1
FNDA:2,(anonymous_7)
FNDA:0,(anonymous_8)
FNDA:0,(anonymous_9)
FNDA:0,(anonymous_11)
FNDA:0,(anonymous_12)
FNDA:0,(anonymous_13)
FNDA:0,(anonymous_14)
FNDA:0,(anonymous_16)
FNDA:0,(anonymous_17)
DA:3,1
DA:7,2
DA:16,0
DA:29,0
DA:30,0
DA:34,0
DA:35,0
DA:37,0
DA:38,0
DA:42,0
DA:43,0
DA:45,0
DA:56,0
DA:57,0
DA:61,0
DA:62,0
DA:64,0
LF:17
LH:2
BRDA:34,0,0,0
BRDA:34,0,1,0
BRDA:37,1,0,0
BRDA:37,1,1,0
BRDA:42,2,0,0
BRDA:42,2,1,0
BRDA:61,3,0,0
BRDA:61,3,1,0
BRF:8
BRH:0
end_of_record
TN:
SF:src/services/document.service.ts
FN:10,(anonymous_7)
FN:18,(anonymous_8)
FN:22,(anonymous_10)
FN:29,(anonymous_12)
FNF:4
FNH:2
FNDA:2,(anonymous_7)
FNDA:0,(anonymous_8)
FNDA:2,(anonymous_10)
FNDA:0,(anonymous_12)
DA:6,1
DA:14,2
DA:15,2
DA:19,0
DA:23,2
DA:24,2
DA:25,0
DA:26,0
DA:33,0
LF:9
LH:5
BRF:0
BRH:0
end_of_record
