TN:
SF:src/connections/database.manager.ts
FN:7,(anonymous_0)
FN:13,(anonymous_1)
FN:20,(anonymous_2)
FN:24,(anonymous_3)
FNF:4
FNH:4
FNDA:1,(anonymous_0)
FNDA:3,(anonymous_1)
FNDA:3,(anonymous_2)
FNDA:1,(anonymous_3)
DA:1,1
DA:9,1
DA:10,1
DA:14,3
DA:15,1
DA:17,3
DA:21,3
DA:25,1
DA:37,1
DA:50,1
LF:10
LH:10
BRDA:14,0,0,1
BRF:1
BRH:1
end_of_record
TN:
SF:src/controllers/document.controller.ts
FN:9,(anonymous_7)
FN:14,(anonymous_9)
FNF:2
FNH:1
FNDA:0,(anonymous_7)
FNDA:1,(anonymous_9)
DA:4,1
DA:6,1
DA:8,1
DA:10,0
DA:11,0
DA:15,1
DA:17,1
DA:18,1
DA:19,1
DA:20,1
DA:22,0
DA:24,0
DA:25,0
DA:27,0
DA:28,0
DA:29,0
LF:16
LH:8
BRDA:22,0,0,0
BRDA:22,0,1,0
BRF:2
BRH:0
end_of_record
TN:
SF:src/repositories/document.repository.ts
FN:8,(anonymous_8)
FN:12,(anonymous_9)
FN:13,(anonymous_11)
FN:20,(anonymous_12)
FN:28,(anonymous_13)
FN:138,(anonymous_15)
FN:142,(anonymous_16)
FN:143,(anonymous_17)
FN:153,(anonymous_18)
FN:154,(anonymous_19)
FN:156,(anonymous_20)
FN:167,(anonymous_21)
FNF:12
FNH:8
FNDA:2,(anonymous_8)
FNDA:0,(anonymous_9)
FNDA:0,(anonymous_11)
FNDA:0,(anonymous_12)
FNDA:1,(anonymous_13)
FNDA:2,(anonymous_15)
FNDA:2,(anonymous_16)
FNDA:2,(anonymous_17)
FNDA:1,(anonymous_18)
FNDA:1,(anonymous_19)
FNDA:1,(anonymous_20)
FNDA:0,(anonymous_21)
DA:4,1
DA:6,1
DA:9,2
DA:13,0
DA:14,0
DA:21,0
DA:22,0
DA:29,1
DA:33,1
DA:37,1
DA:41,1
DA:45,1
DA:49,1
DA:51,1
DA:54,1
DA:55,0
DA:59,0
DA:60,0
DA:64,0
DA:71,0
DA:76,0
DA:79,0
DA:82,0
DA:90,1
DA:97,1
DA:99,1
DA:107,1
DA:110,1
DA:122,1
DA:123,0
DA:126,1
DA:129,0
DA:130,0
DA:133,1
DA:134,1
DA:142,2
DA:143,2
DA:144,2
DA:145,0
DA:147,2
DA:154,1
DA:155,1
DA:156,1
DA:157,1
DA:158,0
DA:159,0
DA:160,0
DA:162,1
DA:167,0
DA:168,0
DA:169,0
DA:170,0
DA:171,0
DA:173,0
LF:54
LH:29
BRDA:21,0,0,0
BRDA:21,0,1,0
BRDA:54,1,0,0
BRDA:54,1,1,1
BRDA:59,2,0,0
BRDA:59,3,0,0
BRDA:59,3,1,0
BRDA:76,4,0,0
BRDA:76,4,1,0
BRDA:119,5,0,1
BRDA:119,5,1,1
BRDA:122,6,0,0
BRDA:144,7,0,0
BRDA:144,7,1,2
BRDA:153,8,0,0
BRDA:155,9,0,1
BRDA:155,9,1,0
BRDA:157,10,0,0
BRDA:157,10,1,1
BRDA:168,11,0,0
BRDA:168,11,1,0
BRF:21
BRH:6
end_of_record
TN:
SF:src/repositories/version.repository.ts
FN:7,(anonymous_8)
FN:11,(anonymous_9)
FN:12,(anonymous_11)
FN:16,(anonymous_12)
FN:24,(anonymous_13)
FN:38,(anonymous_14)
FN:39,(anonymous_16)
FN:43,(anonymous_17)
FNF:8
FNH:1
FNDA:1,(anonymous_8)
FNDA:0,(anonymous_9)
FNDA:0,(anonymous_11)
FNDA:0,(anonymous_12)
FNDA:0,(anonymous_13)
FNDA:0,(anonymous_14)
FNDA:0,(anonymous_16)
FNDA:0,(anonymous_17)
DA:2,1
DA:4,1
DA:8,1
DA:12,0
DA:13,0
DA:17,0
DA:18,0
DA:20,0
DA:21,0
DA:25,0
DA:26,0
DA:28,0
DA:39,0
DA:40,0
DA:44,0
DA:45,0
DA:47,0
LF:17
LH:3
BRDA:17,0,0,0
BRDA:17,0,1,0
BRDA:20,1,0,0
BRDA:20,1,1,0
BRDA:25,2,0,0
BRDA:25,2,1,0
BRDA:44,3,0,0
BRDA:44,3,1,0
BRF:8
BRH:0
end_of_record
TN:
SF:src/services/document.service.ts
FN:8,(anonymous_7)
FN:12,(anonymous_8)
FN:16,(anonymous_10)
FNF:3
FNH:2
FNDA:1,(anonymous_7)
FNDA:0,(anonymous_8)
FNDA:1,(anonymous_10)
DA:3,1
DA:5,1
DA:9,1
DA:13,0
DA:17,1
DA:18,1
DA:20,0
LF:7
LH:5
BRF:0
BRH:0
end_of_record
